*** SESSION feb 02, 2016 12:33:42.45 -------------------------------------------
*** SESSION feb 03, 2016 18:05:18.49 -------------------------------------------
*** SESSION feb 04, 2016 10:49:37.35 -------------------------------------------
*** SESSION feb 05, 2016 10:43:23.59 -------------------------------------------
*** SESSION feb 11, 2016 13:19:39.93 -------------------------------------------
*** SESSION feb 12, 2016 10:19:08.36 -------------------------------------------
*** SESSION feb 15, 2016 10:47:11.53 -------------------------------------------
*** SESSION feb 16, 2016 10:36:17.01 -------------------------------------------
*** SESSION feb 17, 2016 11:32:05.60 -------------------------------------------
*** SESSION feb 18, 2016 11:27:42.95 -------------------------------------------
*** SESSION feb 19, 2016 11:03:25.80 -------------------------------------------
*** SESSION feb 22, 2016 11:23:49.61 -------------------------------------------
*** SESSION feb 24, 2016 11:22:49.53 -------------------------------------------
*** SESSION feb 25, 2016 10:27:34.38 -------------------------------------------
*** SESSION feb 26, 2016 11:15:46.50 -------------------------------------------
*** SESSION feb 29, 2016 11:10:44.31 -------------------------------------------
*** SESSION mar 01, 2016 11:03:48.30 -------------------------------------------
*** SESSION mar 03, 2016 11:45:03.26 -------------------------------------------
*** SESSION mar 04, 2016 10:39:53.69 -------------------------------------------
*** SESSION mar 07, 2016 11:43:17.32 -------------------------------------------
*** SESSION mar 07, 2016 16:42:34.68 -------------------------------------------
*** SESSION mar 08, 2016 11:18:30.85 -------------------------------------------
*** SESSION mar 09, 2016 10:28:22.35 -------------------------------------------
*** SESSION mar 10, 2016 11:10:38.20 -------------------------------------------
*** SESSION mar 11, 2016 11:01:35.25 -------------------------------------------
*** SESSION mar 15, 2016 11:09:48.21 -------------------------------------------
*** SESSION mar 16, 2016 11:17:02.56 -------------------------------------------
*** SESSION mar 17, 2016 10:55:46.49 -------------------------------------------
*** SESSION mar 18, 2016 11:30:38.18 -------------------------------------------
*** SESSION mar 21, 2016 10:37:53.24 -------------------------------------------
*** SESSION mar 22, 2016 10:56:21.09 -------------------------------------------
*** SESSION mar 23, 2016 10:40:40.46 -------------------------------------------
*** SESSION mar 28, 2016 11:13:08.30 -------------------------------------------
*** SESSION mar 29, 2016 11:29:39.41 -------------------------------------------
*** SESSION mar 30, 2016 12:16:52.50 -------------------------------------------
*** SESSION mar 31, 2016 11:11:11.05 -------------------------------------------
*** SESSION abr 01, 2016 11:09:24.49 -------------------------------------------
*** SESSION abr 04, 2016 11:24:37.27 -------------------------------------------
*** SESSION abr 05, 2016 11:01:26.10 -------------------------------------------
*** SESSION abr 06, 2016 11:07:23.03 -------------------------------------------
*** SESSION abr 07, 2016 11:08:12.52 -------------------------------------------
*** SESSION abr 08, 2016 11:28:53.83 -------------------------------------------
*** SESSION abr 11, 2016 11:50:43.36 -------------------------------------------
*** SESSION abr 12, 2016 11:06:34.00 -------------------------------------------
*** SESSION abr 13, 2016 11:15:05.46 -------------------------------------------
*** SESSION abr 14, 2016 11:08:39.75 -------------------------------------------
*** SESSION abr 15, 2016 11:19:07.14 -------------------------------------------
*** SESSION abr 18, 2016 10:45:12.58 -------------------------------------------
*** SESSION abr 19, 2016 10:49:08.97 -------------------------------------------
*** SESSION abr 20, 2016 10:09:41.57 -------------------------------------------
*** SESSION abr 21, 2016 10:21:07.20 -------------------------------------------
*** SESSION abr 22, 2016 10:51:02.81 -------------------------------------------
*** SESSION abr 25, 2016 12:35:40.82 -------------------------------------------
*** SESSION abr 26, 2016 12:47:20.34 -------------------------------------------
*** SESSION abr 27, 2016 11:16:30.87 -------------------------------------------
*** SESSION abr 28, 2016 11:57:59.54 -------------------------------------------
*** SESSION abr 29, 2016 10:36:02.79 -------------------------------------------
*** SESSION may 02, 2016 10:54:31.77 -------------------------------------------
*** SESSION may 03, 2016 10:41:59.34 -------------------------------------------
*** SESSION may 04, 2016 10:42:48.57 -------------------------------------------
*** SESSION may 05, 2016 11:10:26.21 -------------------------------------------
*** SESSION may 06, 2016 15:39:36.48 -------------------------------------------
*** SESSION may 09, 2016 11:28:00.98 -------------------------------------------
*** SESSION may 10, 2016 11:12:24.16 -------------------------------------------
*** SESSION may 11, 2016 10:54:58.71 -------------------------------------------
*** SESSION may 11, 2016 13:17:21.93 -------------------------------------------
*** SESSION may 12, 2016 12:17:41.48 -------------------------------------------
*** SESSION may 13, 2016 15:55:04.55 -------------------------------------------
*** SESSION may 16, 2016 11:17:48.58 -------------------------------------------
*** SESSION may 17, 2016 11:16:43.11 -------------------------------------------
*** SESSION may 18, 2016 10:54:07.64 -------------------------------------------
*** SESSION may 19, 2016 11:07:08.88 -------------------------------------------
*** SESSION may 23, 2016 11:27:30.66 -------------------------------------------
*** SESSION may 23, 2016 17:15:05.09 -------------------------------------------
*** SESSION may 24, 2016 11:29:47.30 -------------------------------------------
*** SESSION may 26, 2016 10:56:46.26 -------------------------------------------
*** SESSION may 30, 2016 11:55:35.55 -------------------------------------------
*** SESSION may 31, 2016 10:47:52.21 -------------------------------------------
*** SESSION jun 01, 2016 10:46:11.90 -------------------------------------------
*** SESSION jun 02, 2016 11:24:02.14 -------------------------------------------
*** SESSION jun 03, 2016 10:46:55.39 -------------------------------------------
*** SESSION jun 07, 2016 11:45:39.93 -------------------------------------------
*** SESSION jun 08, 2016 16:55:58.15 -------------------------------------------
*** SESSION jun 09, 2016 11:06:18.56 -------------------------------------------
*** SESSION jun 10, 2016 11:20:17.85 -------------------------------------------
*** SESSION jun 13, 2016 10:52:06.23 -------------------------------------------
*** SESSION jun 14, 2016 11:17:37.14 -------------------------------------------
*** SESSION jun 22, 2016 10:42:08.89 -------------------------------------------
*** SESSION jun 24, 2016 14:20:36.70 -------------------------------------------
*** SESSION jun 27, 2016 11:31:20.87 -------------------------------------------
*** SESSION jun 28, 2016 11:18:44.03 -------------------------------------------
*** SESSION jun 29, 2016 10:53:02.97 -------------------------------------------
*** SESSION jun 30, 2016 11:31:19.45 -------------------------------------------
*** SESSION jul 01, 2016 11:28:40.12 -------------------------------------------
*** SESSION jul 05, 2016 12:46:35.60 -------------------------------------------
*** SESSION jul 06, 2016 11:11:30.05 -------------------------------------------
*** SESSION jul 07, 2016 15:16:03.01 -------------------------------------------
*** SESSION jul 11, 2016 12:02:59.43 -------------------------------------------
*** SESSION jul 12, 2016 12:36:20.05 -------------------------------------------
*** SESSION jul 13, 2016 16:59:05.63 -------------------------------------------
*** SESSION jul 14, 2016 12:25:02.10 -------------------------------------------
*** SESSION jul 15, 2016 11:31:56.97 -------------------------------------------
*** SESSION jul 18, 2016 12:00:32.77 -------------------------------------------
*** SESSION jul 19, 2016 12:26:56.12 -------------------------------------------
*** SESSION jul 20, 2016 10:58:54.03 -------------------------------------------
*** SESSION jul 26, 2016 12:21:57.83 -------------------------------------------
*** SESSION jul 27, 2016 11:34:23.54 -------------------------------------------
*** SESSION jul 28, 2016 11:13:34.22 -------------------------------------------
*** SESSION jul 29, 2016 11:03:26.60 -------------------------------------------
*** SESSION ago 01, 2016 11:47:04.36 -------------------------------------------
*** SESSION ago 02, 2016 11:41:50.47 -------------------------------------------
*** SESSION ago 02, 2016 12:59:27.64 -------------------------------------------
*** SESSION ago 08, 2016 11:01:52.31 -------------------------------------------
*** SESSION ago 09, 2016 11:40:41.20 -------------------------------------------
*** SESSION ago 09, 2016 15:44:20.92 -------------------------------------------
*** SESSION ago 10, 2016 11:51:48.30 -------------------------------------------
*** SESSION ago 11, 2016 12:15:12.92 -------------------------------------------
*** SESSION ago 12, 2016 14:04:49.01 -------------------------------------------
*** SESSION ago 16, 2016 12:03:00.08 -------------------------------------------
*** SESSION ago 17, 2016 11:32:00.91 -------------------------------------------
*** SESSION ago 22, 2016 15:21:49.95 -------------------------------------------
*** SESSION ago 22, 2016 15:45:39.21 -------------------------------------------
*** SESSION ago 23, 2016 12:28:42.45 -------------------------------------------
*** SESSION ago 24, 2016 11:18:53.44 -------------------------------------------
*** SESSION ago 25, 2016 11:46:07.39 -------------------------------------------
*** SESSION ago 26, 2016 11:20:41.36 -------------------------------------------
*** SESSION ago 29, 2016 10:51:53.11 -------------------------------------------
*** SESSION ago 30, 2016 11:05:40.54 -------------------------------------------
*** SESSION sep 01, 2016 11:45:50.92 -------------------------------------------
*** SESSION sep 02, 2016 11:59:50.25 -------------------------------------------
*** SESSION sep 05, 2016 11:11:22.94 -------------------------------------------
*** SESSION sep 06, 2016 10:01:30.39 -------------------------------------------
*** SESSION sep 07, 2016 10:06:49.45 -------------------------------------------
